<?xml version="1.0" encoding="UTF-8"?>
<testsuite xmlns:xsi="http://www.w3.org/2001/XMLSchema-instance" xsi:noNamespaceSchemaLocation="https://maven.apache.org/surefire/maven-surefire-plugin/xsd/surefire-test-report.xsd" name="MainTest" time="1.433" tests="18" errors="0" skipped="0" failures="0">
  <properties>
    <property name="java.specification.version" value="17"/>
    <property name="sun.jnu.encoding" value="UTF-8"/>
    <property name="java.class.path" value="/Users/gizemkky/IdeaProjects/FSWEB-S14D2-Maven/target/test-classes:/Users/gizemkky/IdeaProjects/FSWEB-S14D2-Maven/target/classes:/Users/gizemkky/.m2/repository/org/junit/jupiter/junit-jupiter-engine/5.9.2/junit-jupiter-engine-5.9.2.jar:/Users/gizemkky/.m2/repository/org/junit/platform/junit-platform-engine/1.9.2/junit-platform-engine-1.9.2.jar:/Users/gizemkky/.m2/repository/org/opentest4j/opentest4j/1.2.0/opentest4j-1.2.0.jar:/Users/gizemkky/.m2/repository/org/junit/platform/junit-platform-commons/1.9.2/junit-platform-commons-1.9.2.jar:/Users/gizemkky/.m2/repository/org/junit/jupiter/junit-jupiter-api/5.9.2/junit-jupiter-api-5.9.2.jar:/Users/gizemkky/.m2/repository/org/apiguardian/apiguardian-api/1.1.2/apiguardian-api-1.1.2.jar:/Users/gizemkky/.m2/repository/org/apache/httpcomponents/httpclient/4.5.14/httpclient-4.5.14.jar:/Users/gizemkky/.m2/repository/org/apache/httpcomponents/httpcore/4.4.16/httpcore-4.4.16.jar:/Users/gizemkky/.m2/repository/commons-logging/commons-logging/1.2/commons-logging-1.2.jar:/Users/gizemkky/.m2/repository/commons-codec/commons-codec/1.11/commons-codec-1.11.jar:/Users/gizemkky/.m2/repository/org/json/json/20240205/json-20240205.jar:/Users/gizemkky/.m2/repository/org/hamcrest/hamcrest/2.2/hamcrest-2.2.jar:"/>
    <property name="java.vm.vendor" value="Amazon.com Inc."/>
    <property name="sun.arch.data.model" value="64"/>
    <property name="java.vendor.url" value="https://aws.amazon.com/corretto/"/>
    <property name="os.name" value="Mac OS X"/>
    <property name="java.vm.specification.version" value="17"/>
    <property name="sun.java.launcher" value="SUN_STANDARD"/>
    <property name="user.country" value="TR"/>
    <property name="sun.boot.library.path" value="/Users/gizemkky/Library/Java/JavaVirtualMachines/corretto-17.0.14/Contents/Home/lib"/>
    <property name="sun.java.command" value="/Users/gizemkky/IdeaProjects/FSWEB-S14D2-Maven/target/surefire/surefirebooter12321999636354774182.jar /Users/gizemkky/IdeaProjects/FSWEB-S14D2-Maven/target/surefire 2025-04-27T21-20-45_859-jvmRun1 surefire320848173357025671tmp surefire_03691553755828500846tmp"/>
    <property name="http.nonProxyHosts" value="local|*.local|169.254/16|*.169.254/16"/>
    <property name="jdk.debug" value="release"/>
    <property name="surefire.test.class.path" value="/Users/gizemkky/IdeaProjects/FSWEB-S14D2-Maven/target/test-classes:/Users/gizemkky/IdeaProjects/FSWEB-S14D2-Maven/target/classes:/Users/gizemkky/.m2/repository/org/junit/jupiter/junit-jupiter-engine/5.9.2/junit-jupiter-engine-5.9.2.jar:/Users/gizemkky/.m2/repository/org/junit/platform/junit-platform-engine/1.9.2/junit-platform-engine-1.9.2.jar:/Users/gizemkky/.m2/repository/org/opentest4j/opentest4j/1.2.0/opentest4j-1.2.0.jar:/Users/gizemkky/.m2/repository/org/junit/platform/junit-platform-commons/1.9.2/junit-platform-commons-1.9.2.jar:/Users/gizemkky/.m2/repository/org/junit/jupiter/junit-jupiter-api/5.9.2/junit-jupiter-api-5.9.2.jar:/Users/gizemkky/.m2/repository/org/apiguardian/apiguardian-api/1.1.2/apiguardian-api-1.1.2.jar:/Users/gizemkky/.m2/repository/org/apache/httpcomponents/httpclient/4.5.14/httpclient-4.5.14.jar:/Users/gizemkky/.m2/repository/org/apache/httpcomponents/httpcore/4.4.16/httpcore-4.4.16.jar:/Users/gizemkky/.m2/repository/commons-logging/commons-logging/1.2/commons-logging-1.2.jar:/Users/gizemkky/.m2/repository/commons-codec/commons-codec/1.11/commons-codec-1.11.jar:/Users/gizemkky/.m2/repository/org/json/json/20240205/json-20240205.jar:/Users/gizemkky/.m2/repository/org/hamcrest/hamcrest/2.2/hamcrest-2.2.jar:"/>
    <property name="sun.cpu.endian" value="little"/>
    <property name="user.home" value="/Users/gizemkky"/>
    <property name="user.language" value="tr"/>
    <property name="java.specification.vendor" value="Oracle Corporation"/>
    <property name="java.version.date" value="2025-01-21"/>
    <property name="java.home" value="/Users/gizemkky/Library/Java/JavaVirtualMachines/corretto-17.0.14/Contents/Home"/>
    <property name="file.separator" value="/"/>
    <property name="basedir" value="/Users/gizemkky/IdeaProjects/FSWEB-S14D2-Maven"/>
    <property name="java.vm.compressedOopsMode" value="Zero based"/>
    <property name="line.separator" value="&#10;"/>
    <property name="java.vm.specification.vendor" value="Oracle Corporation"/>
    <property name="java.specification.name" value="Java Platform API Specification"/>
    <property name="surefire.real.class.path" value="/Users/gizemkky/IdeaProjects/FSWEB-S14D2-Maven/target/surefire/surefirebooter12321999636354774182.jar"/>
    <property name="sun.management.compiler" value="HotSpot 64-Bit Tiered Compilers"/>
    <property name="ftp.nonProxyHosts" value="local|*.local|169.254/16|*.169.254/16"/>
    <property name="java.runtime.version" value="17.0.14+7-LTS"/>
    <property name="user.name" value="gizemkky"/>
    <property name="path.separator" value=":"/>
    <property name="os.version" value="12.6"/>
    <property name="java.runtime.name" value="OpenJDK Runtime Environment"/>
    <property name="file.encoding" value="UTF-8"/>
    <property name="java.vm.name" value="OpenJDK 64-Bit Server VM"/>
    <property name="java.vendor.version" value="Corretto-17.0.14.7.1"/>
    <property name="localRepository" value="/Users/gizemkky/.m2/repository"/>
    <property name="java.vendor.url.bug" value="https://github.com/corretto/corretto-17/issues/"/>
    <property name="java.io.tmpdir" value="/var/folders/f7/ymrpg0fd2sn0ml7lwm2dkxt00000gn/T/"/>
    <property name="idea.version" value="2024.3.5"/>
    <property name="java.version" value="17.0.14"/>
    <property name="user.dir" value="/Users/gizemkky/IdeaProjects/FSWEB-S14D2-Maven"/>
    <property name="os.arch" value="aarch64"/>
    <property name="java.vm.specification.name" value="Java Virtual Machine Specification"/>
    <property name="native.encoding" value="UTF-8"/>
    <property name="java.library.path" value="/Users/gizemkky/Library/Java/Extensions:/Library/Java/Extensions:/Network/Library/Java/Extensions:/System/Library/Java/Extensions:/usr/lib/java:."/>
    <property name="java.vm.info" value="mixed mode, sharing"/>
    <property name="java.vendor" value="Amazon.com Inc."/>
    <property name="java.vm.version" value="17.0.14+7-LTS"/>
    <property name="java.specification.maintenance.version" value="1"/>
    <property name="sun.io.unicode.encoding" value="UnicodeBig"/>
    <property name="socksNonProxyHosts" value="local|*.local|169.254/16|*.169.254/16"/>
    <property name="java.class.version" value="61.0"/>
  </properties>
  <testcase name="testBedInstanceTypes" classname="MainTest" time="0.011"/>
  <testcase name="testBedAccessModifiers" classname="MainTest" time="0.002"/>
  <testcase name="testCarpetInstanceTypes" classname="MainTest" time="0.001"/>
  <testcase name="testCeilingInstanceTypes" classname="MainTest" time="0"/>
  <testcase name="testCeilingAccessModifiers" classname="MainTest" time="0"/>
  <testcase name="testLampInstanceTypes" classname="MainTest" time="0"/>
  <testcase name="testWallCreateMethod" classname="MainTest" time="0.002"/>
  <testcase name="testWallAccessModifiers" classname="MainTest" time="0"/>
  <testcase name="testLampAccessModifiers" classname="MainTest" time="0.001"/>
  <testcase name="testWardrobeAddMethod" classname="MainTest" time="0.001"/>
  <testcase name="testWardrobeInstanceTypes" classname="MainTest" time="0"/>
  <testcase name="testCeilingCreateMethod" classname="MainTest" time="0"/>
  <testcase name="testWardrobeAccessModifiers" classname="MainTest" time="0.001"/>
  <testcase name="testLampTypes" classname="MainTest" time="0"/>
  <testcase name="testCarpetAccessModifiers" classname="MainTest" time="0"/>
  <testcase name="testBedMakeMethod" classname="MainTest" time="0.001"/>
  <testcase name="testCarpetLyingMethod" classname="MainTest" time="0.001"/>
  <testcase name="testWallInstanceTypes" classname="MainTest" time="0"/>
</testsuite>